  1>Checking Build System
  CMake is re-running because C:/Users/S24118569/Documents/GitHub/graphics-25-26-KRRai-Git/Labs/week1/CMakeFiles/generate.stamp is out-of-date.
    the file 'C:/Users/S24118569/Documents/GitHub/graphics-25-26-KRRai-Git/Labs/week1/CMakeLists.txt'
    is newer than 'C:/Users/S24118569/Documents/GitHub/graphics-25-26-KRRai-Git/Labs/week1/CMakeFiles/generate.stamp.depend'
    result='-1'
  -- The C compiler identification is MSVC 19.40.33821.0
  -- The CXX compiler identification is MSVC 19.40.33821.0
  -- Detecting C compiler ABI info
  -- Detecting C compiler ABI info - done
  -- Check for working C compiler: C:/Program Files/Microsoft Visual Studio/2022/Community/VC/Tools/MSVC/14.40.33807/bin/Hostx64/x64/cl.exe - skipped
  -- Detecting C compile features
  -- Detecting C compile features - done
  -- Detecting CXX compiler ABI info
  -- Detecting CXX compiler ABI info - done
  -- Check for working CXX compiler: C:/Program Files/Microsoft Visual Studio/2022/Community/VC/Tools/MSVC/14.40.33807/bin/Hostx64/x64/cl.exe - skipped
  -- Detecting CXX compile features
  -- Detecting CXX compile features - done
  -- Configuring done (3.8s)
  -- Generating done (0.1s)
  -- Build files have been written to: C:/Users/S24118569/Documents/GitHub/graphics-25-26-KRRai-Git/Labs/week1
